<?xml version="1.0" encoding="UTF-8"?>
<!-- Generated by org.testng.reporters.JUnitReportReporter -->
<testsuite hostname="GOUD" failures="0" tests="3" name="com.totorials.qa_login.Search" time="20.500" errors="0" timestamp="2023-12-30T15:30:10 IST" skipped="0">
  <testcase classname="com.totorials.qa_login.Search" name="verify_searchwith_vaildproduct" time="5.451"/>
  <testcase classname="com.totorials.qa_login.Search" name="verify_with_invaild_product" time="9.135"/>
  <testcase classname="com.totorials.qa_login.Search" name="verify_search_resultswith_Nodata" time="5.914"/>
</testsuite> <!-- com.totorials.qa_login.Search -->
