<?xml version="1.0" encoding="UTF-8"?>
<!-- Generated by org.testng.reporters.JUnitReportReporter -->
<testsuite hostname="GOUD" failures="0" tests="3" name="com.totorials.qa_login.Register" time="28.143" errors="0" timestamp="2023-12-30T14:40:29 IST" skipped="0">
  <testcase classname="com.totorials.qa_login.Register" name="Register_with_Mandatoryfields" time="11.804"/>
  <testcase classname="com.totorials.qa_login.Register" name="verify_existing_email_with_registerpage" time="8.418"/>
  <testcase classname="com.totorials.qa_login.Register" name="verifyRegisteraccount_withoutEntering_mandatoryfields" time="7.921"/>
</testsuite> <!-- com.totorials.qa_login.Register -->
