<?xml version="1.0" encoding="UTF-8"?>
<!-- Generated by org.testng.reporters.JUnitReportReporter -->
<testsuite hostname="GOUD" failures="0" tests="2" name="com.totorials.qa_login.Login_functionality" time="11.864" errors="0" timestamp="2023-12-28T13:09:01 IST" skipped="0">
  <testcase classname="com.totorials.qa_login.Login_functionality" name="login_invalid_creadentials" time="7.065"/>
  <testcase classname="com.totorials.qa_login.Login_functionality" name="login" time="4.799"/>
</testsuite> <!-- com.totorials.qa_login.Login_functionality -->
