<?xml version="1.0" encoding="UTF-8"?>
<!-- Generated by org.testng.reporters.JUnitReportReporter -->
<testsuite hostname="GOUD" failures="0" tests="3" name="com.totorialsninja.qa.Register" time="13.930" errors="0" timestamp="2024-01-03T16:10:21 IST" skipped="0">
  <testcase classname="com.totorialsninja.qa.Register" name="Register_with_Mandatoryfields" time="3.912"/>
  <testcase classname="com.totorialsninja.qa.Register" name="verify_existing_email_with_registerpage" time="4.945"/>
  <testcase classname="com.totorialsninja.qa.Register" name="verifyRegisteraccount_withoutEntering_mandatoryfields" time="5.073"/>
</testsuite> <!-- com.totorialsninja.qa.Register -->
