<?xml version="1.0" encoding="UTF-8"?>
<!-- Generated by org.testng.reporters.JUnitReportReporter -->
<testsuite hostname="GOUD" failures="0" tests="7" name="com.totorials.qa_login.Login" time="70.875" errors="0" timestamp="2023-12-30T14:47:56 IST" skipped="0">
  <testcase classname="com.totorials.qa_login.Login" name="verify_login_vaild_creadentials" time="6.757"/>
  <testcase classname="com.totorials.qa_login.Login" name="verify_login_vaild_creadentials" time="8.243"/>
  <testcase classname="com.totorials.qa_login.Login" name="verify_login_vaild_creadentials" time="9.864"/>
  <testcase classname="com.totorials.qa_login.Login" name="verify_login_invalid_creadentials" time="6.650"/>
  <testcase classname="com.totorials.qa_login.Login" name="verifyLoginWithInvalidEmailAndValidPassword" time="11.938"/>
  <testcase classname="com.totorials.qa_login.Login" name="verifyLoginWithoutProvidingAnyFields" time="7.600"/>
  <testcase classname="com.totorials.qa_login.Login" name="verifyLoginWithvalidEmailAndInValidPassword" time="19.823"/>
</testsuite> <!-- com.totorials.qa_login.Login -->
