<?xml version="1.0" encoding="UTF-8"?>
<!-- Generated by org.testng.reporters.JUnitReportReporter -->
<testsuite hostname="GOUD" failures="0" tests="7" name="com.totorialsninja.qa.Login" time="31.036" errors="0" timestamp="2024-01-03T16:10:21 IST" skipped="0">
  <testcase classname="com.totorialsninja.qa.Login" name="verify_login_vaild_creadentials" time="4.986"/>
  <testcase classname="com.totorialsninja.qa.Login" name="verify_login_vaild_creadentials" time="4.989"/>
  <testcase classname="com.totorialsninja.qa.Login" name="verify_login_vaild_creadentials" time="4.246"/>
  <testcase classname="com.totorialsninja.qa.Login" name="verify_login_invalid_creadentials" time="3.490"/>
  <testcase classname="com.totorialsninja.qa.Login" name="verifyLoginWithInvalidEmailAndValidPassword" time="5.142"/>
  <testcase classname="com.totorialsninja.qa.Login" name="verifyLoginWithoutProvidingAnyFields" time="4.087"/>
  <testcase classname="com.totorialsninja.qa.Login" name="verifyLoginWithvalidEmailAndInValidPassword" time="4.096"/>
</testsuite> <!-- com.totorialsninja.qa.Login -->
